a10_app/build/outputs/logs/manifest-merger-release-report.txt
-- Merging decision tree log ---
manifest
ADDED from src\main\AndroidManifest.xml:2:1-429:12
	package
		ADDED from src\main\AndroidManifest.xml:3:5-43
		INJECTED from src\main\AndroidManifest.xml
		INJECTED from src\main\AndroidManifest.xml
	android:versionName
		ADDED from src\main\AndroidManifest.xml:5:5-32
		INJECTED from src\main\AndroidManifest.xml
		INJECTED from src\main\AndroidManifest.xml
	android:versionCode
		ADDED from src\main\AndroidManifest.xml:4:5-30
		INJECTED from src\main\AndroidManifest.xml
		INJECTED from src\main\AndroidManifest.xml
	xmlns:android
		ADDED from src\main\AndroidManifest.xml:2:11-69
uses-sdk
ADDED from src\main\AndroidManifest.xml:7:5-9:41
MERGED from [com.android.support:support-v4:22.2.1] AndroidManifest.xml:20:5-43
MERGED from [net.zetetic:android-database-sqlcipher:3.5.0] AndroidManifest.xml:3:3-40
	android:targetSdkVersion
		ADDED from src\main\AndroidManifest.xml:9:9-38
		INJECTED from src\main\AndroidManifest.xml
		INJECTED from src\main\AndroidManifest.xml
	android:minSdkVersion
		ADDED from src\main\AndroidManifest.xml:8:9-34
		INJECTED from src\main\AndroidManifest.xml
		INJECTED from src\main\AndroidManifest.xml
uses-permission#android.permission.BAIDU_LOCATION_SERVICE
ADDED from src\main\AndroidManifest.xml:11:5-12:23
	android:name
		ADDED from src\main\AndroidManifest.xml:11:22-78
uses-permission#android.permission.RECORD_AUDIO
ADDED from src\main\AndroidManifest.xml:13:5-71
	android:name
		ADDED from src\main\AndroidManifest.xml:13:22-68
uses-permission#android.permission.SYSTEM_ALERT_WINDOW
ADDED from src\main\AndroidManifest.xml:14:5-15:23
	android:name
		ADDED from src\main\AndroidManifest.xml:14:22-75
uses-permission#android.permission.INTERNET
ADDED from src\main\AndroidManifest.xml:16:5-67
	android:name
		ADDED from src\main\AndroidManifest.xml:16:22-64
uses-permission#android.permission.WRITE_EXTERNAL_STORAGE
ADDED from src\main\AndroidManifest.xml:17:5-81
	android:name
		ADDED from src\main\AndroidManifest.xml:17:22-78
uses-permission#android.permission.MOUNT_UNMOUNT_FILESYSTEMS
ADDED from src\main\AndroidManifest.xml:18:5-84
	android:name
		ADDED from src\main\AndroidManifest.xml:18:22-81
uses-permission#android.permission.CALL_PHONE
ADDED from src\main\AndroidManifest.xml:19:5-69
	android:name
		ADDED from src\main\AndroidManifest.xml:19:22-66
uses-permission#android.permission.ACCESS_NETWORK_STATE
ADDED from src\main\AndroidManifest.xml:20:5-79
	android:name
		ADDED from src\main\AndroidManifest.xml:20:22-76
uses-permission#android.permission.GET_TASKS
ADDED from src\main\AndroidManifest.xml:21:5-68
	android:name
		ADDED from src\main\AndroidManifest.xml:21:22-65
uses-permission#android.permission.SEND_SMS
ADDED from src\main\AndroidManifest.xml:22:5-67
	android:name
		ADDED from src\main\AndroidManifest.xml:22:22-64
uses-permission#android.permission.KILL_BACKGROUND_PROCESSES
ADDED from src\main\AndroidManifest.xml:23:5-84
	android:name
		ADDED from src\main\AndroidManifest.xml:23:22-81
uses-permission#android.permission.BLUETOOTH
ADDED from src\main\AndroidManifest.xml:24:5-26:23
	android:name
		ADDED from src\main\AndroidManifest.xml:24:22-65
uses-permission#android.permission.READ_PHONE_STATE
ADDED from src\main\AndroidManifest.xml:27:5-75
	android:name
		ADDED from src\main\AndroidManifest.xml:27:22-72
uses-permission#android.permission.WRITE_SETTINGS
ADDED from src\main\AndroidManifest.xml:28:5-73
	android:name
		ADDED from src\main\AndroidManifest.xml:28:22-70
uses-permission#androd.permission.INSTALL_PACKAGES
ADDED from src\main\AndroidManifest.xml:29:5-74
	android:name
		ADDED from src\main\AndroidManifest.xml:29:22-71
uses-permission#android.permission.ACCESS_WIFI_STATE
ADDED from src\main\AndroidManifest.xml:30:5-76
	android:name
		ADDED from src\main\AndroidManifest.xml:30:22-73
uses-permission#android.permission.CHANGE_WIFI_STATE
ADDED from src\main\AndroidManifest.xml:31:5-76
	android:name
		ADDED from src\main\AndroidManifest.xml:31:22-73
uses-permission#android.permission.CHANGE_NETWORK_STATE
ADDED from src\main\AndroidManifest.xml:32:5-33:23
	android:name
		ADDED from src\main\AndroidManifest.xml:32:22-76
uses-permission#android.permission.ACCESS_COARSE_LOCATION
ADDED from src\main\AndroidManifest.xml:44:5-81
	android:name
		ADDED from src\main\AndroidManifest.xml:44:22-78
uses-permission#android.permission.ACCESS_FINE_LOCATION
ADDED from src\main\AndroidManifest.xml:45:5-79
	android:name
		ADDED from src\main\AndroidManifest.xml:45:22-76
uses-permission#android.permission.WAKE_LOCK
ADDED from src\main\AndroidManifest.xml:47:5-48:23
	android:name
		ADDED from src\main\AndroidManifest.xml:47:22-65
uses-permission#android.permission.ACCESS_GPS
ADDED from src\main\AndroidManifest.xml:51:5-69
	android:name
		ADDED from src\main\AndroidManifest.xml:51:22-66
uses-permission#android.permission.READ_CONTACTS
ADDED from src\main\AndroidManifest.xml:53:5-72
	android:name
		ADDED from src\main\AndroidManifest.xml:53:22-69
uses-permission#android.permission.READ_SMS
ADDED from src\main\AndroidManifest.xml:55:5-67
	android:name
		ADDED from src\main\AndroidManifest.xml:55:22-64
uses-permission#android.permission.BLUETOOTH_ADMIN
ADDED from src\main\AndroidManifest.xml:57:5-73
	android:name
		ADDED from src\main\AndroidManifest.xml:57:22-71
application
ADDED from src\main\AndroidManifest.xml:60:5-427:19
MERGED from [com.android.support:support-v4:22.2.1] AndroidManifest.xml:22:5-20
	android:label
		ADDED from src\main\AndroidManifest.xml:65:9-41
	android:hardwareAccelerated
		ADDED from src\main\AndroidManifest.xml:63:9-43
	android:allowBackup
		ADDED from src\main\AndroidManifest.xml:62:9-35
	android:icon
		ADDED from src\main\AndroidManifest.xml:64:9-45
	android:theme
		ADDED from src\main\AndroidManifest.xml:66:9-62
	android:name
		ADDED from src\main\AndroidManifest.xml:61:9-62
meta-data#com.baidu.lbsapi.API_KEY
ADDED from src\main\AndroidManifest.xml:68:9-70:56
	android:value
		ADDED from src\main\AndroidManifest.xml:70:13-53
	android:name
		ADDED from src\main\AndroidManifest.xml:69:13-52
activity#cn.sbx.deeper.moblie.activity.SplashActivity
ADDED from src\main\AndroidManifest.xml:72:9-81:20
	android:screenOrientation
		ADDED from src\main\AndroidManifest.xml:75:13-49
	android:label
		ADDED from src\main\AndroidManifest.xml:74:13-45
	android:name
		ADDED from src\main\AndroidManifest.xml:73:13-72
intent-filter#android.intent.action.MAIN+android.intent.category.LAUNCHER
ADDED from src\main\AndroidManifest.xml:76:13-80:29
action#android.intent.action.MAIN
ADDED from src\main\AndroidManifest.xml:77:17-69
	android:name
		ADDED from src\main\AndroidManifest.xml:77:25-66
category#android.intent.category.LAUNCHER
ADDED from src\main\AndroidManifest.xml:79:17-77
	android:name
		ADDED from src\main\AndroidManifest.xml:79:27-74
activity#cn.sbx.deeper.moblie.activity.LinkAppActivity
ADDED from src\main\AndroidManifest.xml:82:9-86:20
	android:screenOrientation
		ADDED from src\main\AndroidManifest.xml:85:13-49
	android:configChanges
		ADDED from src\main\AndroidManifest.xml:84:13-63
	android:name
		ADDED from src\main\AndroidManifest.xml:83:13-73
activity#cn.sbx.deeper.moblie.activity.SeePicture_PageActivity
ADDED from src\main\AndroidManifest.xml:88:9-92:20
	android:screenOrientation
		ADDED from src\main\AndroidManifest.xml:91:13-49
	android:configChanges
		ADDED from src\main\AndroidManifest.xml:90:13-63
	android:name
		ADDED from src\main\AndroidManifest.xml:89:13-81
activity#com.sunboxsoft.deeper.moblie.handwriting.HandwritingActivity
ADDED from src\main\AndroidManifest.xml:94:9-98:20
	android:screenOrientation
		ADDED from src\main\AndroidManifest.xml:97:13-49
	android:configChanges
		ADDED from src\main\AndroidManifest.xml:96:13-63
	android:name
		ADDED from src\main\AndroidManifest.xml:95:13-88
activity#com.sunboxsoft.deeper.moblie.handwriting.AddImageActivity
ADDED from src\main\AndroidManifest.xml:100:9-104:20
	android:screenOrientation
		ADDED from src\main\AndroidManifest.xml:103:13-49
	android:configChanges
		ADDED from src\main\AndroidManifest.xml:102:13-63
	android:name
		ADDED from src\main\AndroidManifest.xml:101:13-85
service#cn.sbx.deeper.moblie.service.DownloadServiceUpdate
ADDED from src\main\AndroidManifest.xml:131:9-134:19
	android:exported
		ADDED from src\main\AndroidManifest.xml:133:13-37
	android:name
		ADDED from src\main\AndroidManifest.xml:132:13-78
receiver#cn.sbx.deeper.moblie.broadcastreceiver.BroadcastReceiverUpdate
ADDED from src\main\AndroidManifest.xml:136:9-140:20
	android:name
		ADDED from src\main\AndroidManifest.xml:136:19-96
intent-filter#com.sunbox.mobile.office.alert
ADDED from src\main\AndroidManifest.xml:137:13-139:29
action#com.sunbox.mobile.office.alert
ADDED from src\main\AndroidManifest.xml:138:17-73
	android:name
		ADDED from src\main\AndroidManifest.xml:138:25-70
activity#cn.sbx.deeper.moblie.activity.LoginActivity
ADDED from src\main\AndroidManifest.xml:152:9-156:20
	android:screenOrientation
		ADDED from src\main\AndroidManifest.xml:155:13-49
	android:configChanges
		ADDED from src\main\AndroidManifest.xml:154:13-74
	android:name
		ADDED from src\main\AndroidManifest.xml:153:13-71
activity#cn.sbx.deeper.moblie.activity.LoginSetting
ADDED from src\main\AndroidManifest.xml:157:9-160:20
	android:configChanges
		ADDED from src\main\AndroidManifest.xml:159:13-74
	android:name
		ADDED from src\main\AndroidManifest.xml:158:13-70
activity#cn.sbx.deeper.moblie.activity.DatabaseSetPWDActivity
ADDED from src\main\AndroidManifest.xml:162:9-166:20
	android:screenOrientation
		ADDED from src\main\AndroidManifest.xml:165:13-49
	android:configChanges
		ADDED from src\main\AndroidManifest.xml:164:13-74
	android:name
		ADDED from src\main\AndroidManifest.xml:163:13-80
activity#cn.sbx.deeper.moblie.activity.BaseActivity
ADDED from src\main\AndroidManifest.xml:167:9-172:20
	android:windowSoftInputMode
		ADDED from src\main\AndroidManifest.xml:171:13-52
	android:configChanges
		ADDED from src\main\AndroidManifest.xml:169:13-74
	android:theme
		ADDED from src\main\AndroidManifest.xml:170:13-66
	android:name
		ADDED from src\main\AndroidManifest.xml:168:13-70
activity#cn.sbx.deeper.moblie.activity.MainActivity
ADDED from src\main\AndroidManifest.xml:173:9-178:20
	android:screenOrientation
		ADDED from src\main\AndroidManifest.xml:176:13-49
	android:windowSoftInputMode
		ADDED from src\main\AndroidManifest.xml:177:13-52
	android:configChanges
		ADDED from src\main\AndroidManifest.xml:175:13-74
	android:name
		ADDED from src\main\AndroidManifest.xml:174:13-70
activity#cn.sbx.deeper.moblie.activity.base.BaseTabActivity
ADDED from src\main\AndroidManifest.xml:179:9-183:20
	android:windowSoftInputMode
		ADDED from src\main\AndroidManifest.xml:182:13-52
	android:configChanges
		ADDED from src\main\AndroidManifest.xml:181:13-74
	android:name
		ADDED from src\main\AndroidManifest.xml:180:13-78
activity#cn.sbx.deeper.moblie.activity.base.MobileOAActivity
ADDED from src\main\AndroidManifest.xml:184:9-188:20
	android:windowSoftInputMode
		ADDED from src\main\AndroidManifest.xml:187:13-52
	android:configChanges
		ADDED from src\main\AndroidManifest.xml:186:13-74
	android:name
		ADDED from src\main\AndroidManifest.xml:185:13-79
activity#cn.sbx.deeper.moblie.activity.base.SubMoreActivity
ADDED from src\main\AndroidManifest.xml:194:9-198:20
	android:windowSoftInputMode
		ADDED from src\main\AndroidManifest.xml:197:13-52
	android:configChanges
		ADDED from src\main\AndroidManifest.xml:196:13-74
	android:name
		ADDED from src\main\AndroidManifest.xml:195:13-78
activity#cn.sbx.deeper.moblie.activity.MainMenuActivity
ADDED from src\main\AndroidManifest.xml:209:9-213:20
	android:windowSoftInputMode
		ADDED from src\main\AndroidManifest.xml:212:13-52
	android:configChanges
		ADDED from src\main\AndroidManifest.xml:211:13-74
	android:name
		ADDED from src\main\AndroidManifest.xml:210:13-74
activity#cn.sbx.deeper.moblie.activity.MobileOAGroupActivity
ADDED from src\main\AndroidManifest.xml:220:9-224:20
	android:windowSoftInputMode
		ADDED from src\main\AndroidManifest.xml:223:13-52
	android:configChanges
		ADDED from src\main\AndroidManifest.xml:222:13-74
	android:name
		ADDED from src\main\AndroidManifest.xml:221:13-79
activity#cn.sbx.deeper.moblie.activity.SwitchMenuActivity
ADDED from src\main\AndroidManifest.xml:225:9-229:20
	android:windowSoftInputMode
		ADDED from src\main\AndroidManifest.xml:228:13-52
	android:configChanges
		ADDED from src\main\AndroidManifest.xml:227:13-74
	android:name
		ADDED from src\main\AndroidManifest.xml:226:13-76
activity#cn.sbx.deeper.moblie.activity.TimePickerActivity
ADDED from src\main\AndroidManifest.xml:256:9-260:20
	android:windowSoftInputMode
		ADDED from src\main\AndroidManifest.xml:259:13-52
	android:theme
		ADDED from src\main\AndroidManifest.xml:258:13-56
	android:name
		ADDED from src\main\AndroidManifest.xml:257:13-76
activity#cn.sbx.deeper.moblie.activity.SinopecAllMenuActivity
ADDED from src\main\AndroidManifest.xml:271:9-276:20
	android:screenOrientation
		ADDED from src\main\AndroidManifest.xml:274:13-49
	android:windowSoftInputMode
		ADDED from src\main\AndroidManifest.xml:275:13-52
	android:configChanges
		ADDED from src\main\AndroidManifest.xml:273:13-74
	android:name
		ADDED from src\main\AndroidManifest.xml:272:13-80
activity#cn.sbx.deeper.moblie.activity.base.MobileOAAllActivity
ADDED from src\main\AndroidManifest.xml:277:9-283:20
	android:screenOrientation
		ADDED from src\main\AndroidManifest.xml:281:13-49
	android:hardwareAccelerated
		ADDED from src\main\AndroidManifest.xml:280:13-47
	android:windowSoftInputMode
		ADDED from src\main\AndroidManifest.xml:282:13-52
	android:configChanges
		ADDED from src\main\AndroidManifest.xml:279:13-74
	android:name
		ADDED from src\main\AndroidManifest.xml:278:13-82
activity#com.sunboxsoft.deeper.moblie.handwriting.TestImageshow
ADDED from src\main\AndroidManifest.xml:285:9-291:20
	android:screenOrientation
		ADDED from src\main\AndroidManifest.xml:289:13-49
	android:hardwareAccelerated
		ADDED from src\main\AndroidManifest.xml:288:13-47
	android:windowSoftInputMode
		ADDED from src\main\AndroidManifest.xml:290:13-52
	android:configChanges
		ADDED from src\main\AndroidManifest.xml:287:13-74
	android:name
		ADDED from src\main\AndroidManifest.xml:286:13-82
activity#cn.sbx.deeper.moblie.activity.ChooseLoginMode
ADDED from src\main\AndroidManifest.xml:338:9-341:55
	android:windowSoftInputMode
		ADDED from src\main\AndroidManifest.xml:341:13-52
	android:configChanges
		ADDED from src\main\AndroidManifest.xml:340:13-74
	android:name
		ADDED from src\main\AndroidManifest.xml:339:13-73
activity#sbx.deeper.mobile.store.mdm.ModifyPasswordActivity
ADDED from src\main\AndroidManifest.xml:344:9-348:55
	android:screenOrientation
		ADDED from src\main\AndroidManifest.xml:347:13-49
	android:windowSoftInputMode
		ADDED from src\main\AndroidManifest.xml:348:13-52
	android:configChanges
		ADDED from src\main\AndroidManifest.xml:346:13-63
	android:name
		ADDED from src\main\AndroidManifest.xml:345:13-78
activity#sbx.deeper.mobile.store.mdm.ConfirmDeviceAdminActivity
ADDED from src\main\AndroidManifest.xml:349:9-353:55
	android:screenOrientation
		ADDED from src\main\AndroidManifest.xml:352:13-49
	android:windowSoftInputMode
		ADDED from src\main\AndroidManifest.xml:353:13-52
	android:configChanges
		ADDED from src\main\AndroidManifest.xml:351:13-63
	android:name
		ADDED from src\main\AndroidManifest.xml:350:13-82
activity#sbx.deeper.mobile.store.mdm.DownAppActivity
ADDED from src\main\AndroidManifest.xml:354:9-358:55
	android:screenOrientation
		ADDED from src\main\AndroidManifest.xml:357:13-49
	android:windowSoftInputMode
		ADDED from src\main\AndroidManifest.xml:358:13-52
	android:configChanges
		ADDED from src\main\AndroidManifest.xml:356:13-63
	android:name
		ADDED from src\main\AndroidManifest.xml:355:13-71
activity#sbx.deeper.mobile.store.mdm.NoticeActivity
ADDED from src\main\AndroidManifest.xml:359:9-363:55
	android:screenOrientation
		ADDED from src\main\AndroidManifest.xml:362:13-49
	android:windowSoftInputMode
		ADDED from src\main\AndroidManifest.xml:363:13-52
	android:configChanges
		ADDED from src\main\AndroidManifest.xml:361:13-63
	android:name
		ADDED from src\main\AndroidManifest.xml:360:13-70
service#sbx.deeper.mobile.store.mdm.DownloadService
ADDED from src\main\AndroidManifest.xml:365:9-368:19
	android:label
		ADDED from src\main\AndroidManifest.xml:367:13-44
	android:name
		ADDED from src\main\AndroidManifest.xml:366:13-71
service#sbx.deeper.mobile.store.mdm.PushService
ADDED from src\main\AndroidManifest.xml:369:9-372:19
	android:label
		ADDED from src\main\AndroidManifest.xml:371:13-44
	android:name
		ADDED from src\main\AndroidManifest.xml:370:13-67
service#cn.sbx.deeper.moblie.service.LocalService
ADDED from src\main\AndroidManifest.xml:402:9-403:19
	android:name
		ADDED from src\main\AndroidManifest.xml:402:18-74
receiver#cn.sbx.deeper.moblie.broadcastreceiver.LoginBroadcast
ADDED from src\main\AndroidManifest.xml:405:9-410:20
	android:name
		ADDED from src\main\AndroidManifest.xml:405:19-87
intent-filter#com.zed3.sipua.login_success
ADDED from src\main\AndroidManifest.xml:406:13-409:29
action#com.zed3.sipua.login_success
ADDED from src\main\AndroidManifest.xml:407:17-71
	android:name
		ADDED from src\main\AndroidManifest.xml:407:25-68
receiver#cn.sbx.deeper.moblie.broadcastreceiver.LogoutBroadcast
ADDED from src\main\AndroidManifest.xml:411:9-415:20
	android:name
		ADDED from src\main\AndroidManifest.xml:411:19-88
intent-filter#com.zed3.sipua.loginout_success
ADDED from src\main\AndroidManifest.xml:412:13-414:29
action#com.zed3.sipua.loginout_success
ADDED from src\main\AndroidManifest.xml:413:17-74
	android:name
		ADDED from src\main\AndroidManifest.xml:413:25-71